[2017-01-02 20:54:44.445] [INFO] system - Server running at http://localhost:3000
[2017-01-02 20:54:58.608] [INFO] system - Receive Location Post.
[2017-01-02 20:54:58.622] [INFO] system - ::1 - - "POST /api/location HTTP/1.1" 200 2 "" "PostmanRuntime/3.0.9"
[2017-01-02 20:56:01.121] [INFO] system - Server running at http://localhost:3000
[2017-01-02 20:56:08.767] [INFO] system - Receive Location Post.
[2017-01-02 20:56:08.833] [INFO] system - ::1 - - "POST /api/location HTTP/1.1" 200 2 "" "PostmanRuntime/3.0.9"
[2017-01-02 20:56:49.040] [INFO] system - Server running at http://localhost:3000
[2017-01-02 20:57:01.804] [INFO] system - Receive Location Post.
[2017-01-02 20:57:01.819] [INFO] system - ::1 - - "POST /api/location HTTP/1.1" 200 2 "" "PostmanRuntime/3.0.9"
[2017-01-02 20:57:24.171] [INFO] system - Server running at http://localhost:3000
[2017-01-02 20:57:26.279] [INFO] system - Receive Location Post.
[2017-01-02 20:57:26.315] [INFO] system - ::1 - - "POST /api/location HTTP/1.1" 200 2 "" "PostmanRuntime/3.0.9"
[2017-01-02 20:57:43.470] [INFO] system - Server running at http://localhost:3000
[2017-01-02 20:57:45.628] [INFO] system - Receive Location Post.
[2017-01-02 20:57:45.676] [INFO] system - ::1 - - "POST /api/location HTTP/1.1" 200 2 "" "PostmanRuntime/3.0.9"
[2017-01-02 20:58:15.946] [INFO] system - Server running at http://localhost:3000
[2017-01-02 20:58:17.827] [INFO] system - Receive Location Post.
[2017-01-02 20:58:17.879] [INFO] system - ::1 - - "POST /api/location HTTP/1.1" 200 2 "" "PostmanRuntime/3.0.9"
[2017-01-02 21:00:01.010] [INFO] system - Receive Location Post.
[2017-01-02 21:00:01.027] [INFO] system - ::1 - - "POST /api/location?location=11000&userid=userid100 HTTP/1.1" 200 2 "" "PostmanRuntime/3.0.9"
[2017-01-02 21:00:20.617] [INFO] system - Server running at http://localhost:3000
[2017-01-02 21:00:40.270] [INFO] system - Receive Location Post.
[2017-01-02 21:00:40.316] [INFO] system - ::1 - - "POST /api/location?location=11000&userid=userid100 HTTP/1.1" 200 2 "" "PostmanRuntime/3.0.9"
[2017-01-02 21:01:09.238] [INFO] system - Server running at http://localhost:3000
[2017-01-02 21:01:12.155] [INFO] system - Receive Location Post.
[2017-01-02 21:01:12.182] [INFO] system - ::1 - - "POST /api/location?location=11000&userid=userid100 HTTP/1.1" 200 2 "" "PostmanRuntime/3.0.9"
[2017-01-02 21:12:50.993] [INFO] system - Server running at http://localhost:3000
[2017-01-02 21:13:11.708] [INFO] system - Receive Location Post.
[2017-01-02 21:13:11.740] [ERROR] system - ::1 - - "POST /api/location?userid=c8Y8VLOTaihXopClbneGgmu6zEl2&latitude=35.65584177154643&longitude=139.5628202279457 HTTP/1.1" 500 1275 "" "PostmanRuntime/3.0.9"
[2017-01-02 21:15:13.493] [INFO] system - Receive Location Post.
[2017-01-02 21:15:13.498] [ERROR] system - ::1 - - "POST /api/location?userid=c8Y8VLOTaihXopClbneGgmu6zEl2&latitude=35.65584177154643&longitude=139.5628202279457 HTTP/1.1" 500 1275 "" "PostmanRuntime/3.0.9"
[2017-01-02 21:18:48.423] [INFO] system - Server running at http://localhost:3000
[2017-01-02 21:18:55.809] [INFO] system - Receive Location Post.
[2017-01-02 21:18:55.836] [ERROR] system - ::1 - - "POST /api/location HTTP/1.1" 500 1309 "" "PostmanRuntime/3.0.9"
[2017-01-02 21:19:34.811] [INFO] system - Receive Location Post.
[2017-01-02 21:19:34.844] [INFO] system - ::1 - - "POST /api/location?userid=c8Y8VLOTaihXopClbneGgmu6zEl2 HTTP/1.1" 200 2 "" "PostmanRuntime/3.0.9"
[2017-01-02 21:21:41.992] [INFO] system - Receive Location Post.
[2017-01-02 21:21:41.996] [INFO] system - ::1 - - "POST /api/location?userid=c8Y8VLOTaihXopClbneGgmu6zEl2 HTTP/1.1" 200 2 "" "PostmanRuntime/3.0.9"
[2017-01-02 21:21:46.176] [INFO] system - Server running at http://localhost:3000
[2017-01-02 21:21:47.922] [INFO] system - Receive Location Post.
[2017-01-02 21:21:47.972] [INFO] system - ::1 - - "POST /api/location?userid=c8Y8VLOTaihXopClbneGgmu6zEl2 HTTP/1.1" 200 2 "" "PostmanRuntime/3.0.9"
[2017-01-02 21:22:11.839] [INFO] system - Receive Location Post.
[2017-01-02 21:22:11.860] [INFO] system - ::1 - - "POST /api/location?userid=c8Y8VLOTaihXopClbneGgmu6zEl2 HTTP/1.1" 200 2 "" "PostmanRuntime/3.0.9"
